{
  "uid" : "abfaf1b6fba0e730",
  "name" : "test_new_room",
  "fullName" : "test_case.test_new_room.TestNewRoom#test_new_room",
  "historyId" : "9a5437edf5240c41376bfc78c4da6340",
  "time" : {
    "start" : 1589425698809,
    "stop" : 1589425704714,
    "duration" : 5905
  },
  "status" : "failed",
  "statusMessage" : "AssertionError: assert '1' == 1",
  "statusTrace" : "self = <test_case.test_new_room.TestNewRoom object at 0x000002654244E7F0>\napp_login = <appium.webdriver.webdriver.WebDriver (session=\"99fea493-5185-4a35-962e-c6015c5f62d0\")>\n\n    def test_new_room(self,app_login):\n        self.room = NewRoomPage(app_login)\n        self.room.wait_activity(\".MainActivity\", 60)\n        msg = self.room.new_room()\n        print(msg)\n>       assert '1' == msg\nE       AssertionError: assert '1' == 1\n\ntest_new_room.py:14: AssertionError",
  "flaky" : false,
  "newFailed" : false,
  "beforeStages" : [ {
    "name" : "app_login",
    "time" : {
      "start" : 1589425682649,
      "stop" : 1589425698808,
      "duration" : 16159
    },
    "status" : "passed",
    "steps" : [ {
      "name" : "登陆",
      "time" : {
        "start" : 1589425682649,
        "stop" : 1589425698808,
        "duration" : 16159
      },
      "status" : "passed",
      "steps" : [ ],
      "attachments" : [ ],
      "parameters" : [ ],
      "shouldDisplayMessage" : false,
      "attachmentsCount" : 0,
      "hasContent" : false,
      "stepsCount" : 0
    } ],
    "attachments" : [ ],
    "parameters" : [ ],
    "shouldDisplayMessage" : false,
    "attachmentsCount" : 0,
    "hasContent" : true,
    "stepsCount" : 1
  } ],
  "testStage" : {
    "status" : "failed",
    "statusMessage" : "AssertionError: assert '1' == 1",
    "statusTrace" : "self = <test_case.test_new_room.TestNewRoom object at 0x000002654244E7F0>\napp_login = <appium.webdriver.webdriver.WebDriver (session=\"99fea493-5185-4a35-962e-c6015c5f62d0\")>\n\n    def test_new_room(self,app_login):\n        self.room = NewRoomPage(app_login)\n        self.room.wait_activity(\".MainActivity\", 60)\n        msg = self.room.new_room()\n        print(msg)\n>       assert '1' == msg\nE       AssertionError: assert '1' == 1\n\ntest_new_room.py:14: AssertionError",
    "steps" : [ ],
    "attachments" : [ {
      "uid" : "307ffb27e1f71d49",
      "name" : "log",
      "source" : "307ffb27e1f71d49.txt",
      "type" : "text/plain",
      "size" : 530
    } ],
    "parameters" : [ ],
    "shouldDisplayMessage" : true,
    "attachmentsCount" : 1,
    "hasContent" : true,
    "stepsCount" : 0
  },
  "afterStages" : [ {
    "name" : "app_login::0",
    "time" : {
      "start" : 1589425704748,
      "stop" : 1589425705633,
      "duration" : 885
    },
    "status" : "passed",
    "steps" : [ ],
    "attachments" : [ ],
    "parameters" : [ ],
    "shouldDisplayMessage" : false,
    "attachmentsCount" : 0,
    "hasContent" : false,
    "stepsCount" : 0
  } ],
  "labels" : [ {
    "name" : "parentSuite",
    "value" : "test_case"
  }, {
    "name" : "suite",
    "value" : "test_new_room"
  }, {
    "name" : "subSuite",
    "value" : "TestNewRoom"
  }, {
    "name" : "host",
    "value" : "PC20190318"
  }, {
    "name" : "thread",
    "value" : "17628-MainThread"
  }, {
    "name" : "framework",
    "value" : "pytest"
  }, {
    "name" : "language",
    "value" : "cpython3"
  }, {
    "name" : "package",
    "value" : "test_case.test_new_room"
  }, {
    "name" : "resultFormat",
    "value" : "allure2"
  } ],
  "parameters" : [ ],
  "links" : [ ],
  "hidden" : true,
  "retry" : true,
  "extra" : {
    "categories" : [ ],
    "tags" : [ ]
  },
  "source" : "abfaf1b6fba0e730.json",
  "parameterValues" : [ ]
}