{"name": "test_new_room", "status": "failed", "statusDetails": {"message": "AssertionError: assert '1' == 1", "trace": "self = <test_case.test_new_room.TestNewRoom object at 0x000002654244E7F0>\napp_login = <appium.webdriver.webdriver.WebDriver (session=\"99fea493-5185-4a35-962e-c6015c5f62d0\")>\n\n    def test_new_room(self,app_login):\n        self.room = NewRoomPage(app_login)\n        self.room.wait_activity(\".MainActivity\", 60)\n        msg = self.room.new_room()\n        print(msg)\n>       assert '1' == msg\nE       AssertionError: assert '1' == 1\n\ntest_new_room.py:14: AssertionError"}, "attachments": [{"name": "log", "source": "54f78306-abf9-4a54-87b6-900710d5fe29-attachment.txt", "type": "text/plain"}], "start": 1589425698809, "stop": 1589425704714, "uuid": "e8bf402b-5a8b-409a-8722-9c2a1f588425", "historyId": "9a5437edf5240c41376bfc78c4da6340", "testCaseId": "b264d0c41fe5b7b5c3ecc4544832676f", "fullName": "test_case.test_new_room.TestNewRoom#test_new_room", "labels": [{"name": "parentSuite", "value": "test_case"}, {"name": "suite", "value": "test_new_room"}, {"name": "subSuite", "value": "TestNewRoom"}, {"name": "host", "value": "PC20190318"}, {"name": "thread", "value": "17628-MainThread"}, {"name": "framework", "value": "pytest"}, {"name": "language", "value": "cpython3"}, {"name": "package", "value": "test_case.test_new_room"}]}